build/app/outputs/mapping/release/mapping.txt
# compiler: R8
# compiler_version: 1.5.64
# min_api: 16
# pg_map_id: a88c2ff
...
io.flutter.embedding.engine.FlutterEngineConnectionRegistry$FlutterEngineServicePluginBinding -> io.flutter.embedding.engine.d$f:
io.flutter.embedding.engine.FlutterJNI -> io.flutter.embedding.engine.FlutterJNI:
    void lambda$decodeImage$0(long,android.graphics.ImageDecoder,android.graphics.ImageDecoder$ImageInfo,android.graphics.ImageDecoder$Source) -> a
io.flutter.embedding.engine.FlutterJNI$AccessibilityDelegate -> io.flutter.embedding.engine.FlutterJNI$a:
    void updateCustomAccessibilityActions(java.nio.ByteBuffer,java.lang.String[]) -> a
    void updateSemantics(java.nio.ByteBuffer,java.lang.String[],java.nio.ByteBuffer[]) -> a
io.flutter.embedding.engine.FlutterJNI$AsyncWaitForVsyncDelegate -> io.flutter.embedding.engine.FlutterJNI$b:
    void asyncWaitForVsync(long) -> a
io.flutter.embedding.engine.FlutterJNI$Factory -> io.flutter.embedding.engine.FlutterJNI$c:
    io.flutter.embedding.engine.FlutterJNI provideFlutterJNI() -> a
io.flutter.embedding.engine.FlutterShellArgs -> io.flutter.embedding.engine.e:
    java.util.Set args -> a
    io.flutter.embedding.engine.FlutterShellArgs fromIntent(android.content.Intent) -> a
    java.lang.String[] toArray() -> a
io.flutter.embedding.engine.dart.DartExecutor -> io.flutter.embedding.engine.f.a:
    io.flutter.embedding.engine.FlutterJNI flutterJNI -> a
    io.flutter.embedding.engine.dart.DartExecutor$IsolateServiceIdListener isolateServiceIdListener -> g
    java.lang.String isolateServiceId -> f
    io.flutter.embedding.engine.dart.DartMessenger dartMessenger -> c
    io.flutter.plugin.common.BinaryMessenger$BinaryMessageHandler isolateChannelMessageHandler -> h
    android.content.res.AssetManager assetManager -> b
    boolean isApplicationRunning -> e
    io.flutter.plugin.common.BinaryMessenger binaryMessenger -> d
    java.lang.String access$000(io.flutter.embedding.engine.dart.DartExecutor) -> a
    java.lang.String access$002(io.flutter.embedding.engine.dart.DartExecutor,java.lang.String) -> a
    void executeDartEntrypoint(io.flutter.embedding.engine.dart.DartExecutor$DartEntrypoint) -> a
    java.lang.String getIsolateServiceId() -> a
    void send(java.lang.String,java.nio.ByteBuffer,io.flutter.plugin.common.BinaryMessenger$BinaryReply) -> a
    void setMessageHandler(java.lang.String,io.flutter.plugin.common.BinaryMessenger$BinaryMessageHandler) -> a
    io.flutter.embedding.engine.dart.DartExecutor$IsolateServiceIdListener access$100(io.flutter.embedding.engine.dart.DartExecutor) -> b
    boolean isExecutingDart() -> b
    void notifyLowMemoryWarning() -> c
    void onAttachedToJNI() -> d
    void onDetachedFromJNI() -> e
io.flutter.embedding.engine.dart.DartExecutor$1 -> io.flutter.embedding.engine.f.a$a:
    io.flutter.embedding.engine.dart.DartExecutor this$0 -> a
    void onMessage(java.nio.ByteBuffer,io.flutter.plugin.common.BinaryMessenger$BinaryReply) -> a
io.flutter.embedding.engine.dart.DartExecutor$DartEntrypoint -> io.flutter.embedding.engine.f.a$b:
    java.lang.String pathToBundle -> a
    java.lang.String dartEntrypointFunctionName -> c
    java.lang.String dartEntrypointLibrary -> b
io.flutter.embedding.engine.dart.DartExecutor$DefaultBinaryMessenger -> io.flutter.embedding.engine.f.a$c:
    io.flutter.embedding.engine.dart.DartMessenger messenger -> a
    void send(java.lang.String,java.nio.ByteBuffer,io.flutter.plugin.common.BinaryMessenger$BinaryReply) -> a
    void setMessageHandler(java.lang.String,io.flutter.plugin.common.BinaryMessenger$BinaryMessageHandler) -> a
io.flutter.embedding.engine.dart.DartExecutor$IsolateServiceIdListener -> io.flutter.embedding.engine.f.a$d:
    void onIsolateServiceIdAvailable(java.lang.String) -> a